2025-04-14 09:23:31,372 - Consultation - restauration@westminster-nice.com
2025-04-14 09:23:31,373 - Consultation - reservation@westminster-nice.com
2025-04-14 09:23:37,595 - Consultation - contactaubureaunice@grouperkr.com
2025-04-14 09:23:37,904 - Consultation - contact@brumecoffeenice.fr
2025-04-14 09:23:41,490 - Consultation - tipsynicebar@gmail.com
2025-04-14 09:23:42,164 - Consultation - koocfrance@gmail.com
2025-04-14 09:23:42,530 - Consultation - 03lesagitateursnice@gmail.comfournisseurs
2025-04-14 09:23:42,530 - Consultation - gestion@lesagitateurs.com
2025-04-14 09:23:42,530 - Consultation - fournisseurs@lesagitateurs.com
2025-04-14 09:23:42,532 - Consultation - lesagitateursnice@gmail.com
2025-04-14 09:23:55,106 - Consultation - contact@chezlesgarcons.fr
2025-04-14 09:23:59,765 - Consultation - cookies@emiliescookies.com
2025-04-14 09:23:59,765 - Consultation - marc@slush.fr
2025-04-14 09:24:00,375 - Consultation - attimi@arimondo.net
2025-04-14 09:24:02,329 - Consultation - koocfrance@gmail.com
2025-04-14 09:24:02,968 - Consultation - contact@biogstore.com
2025-04-14 09:24:04,096 - Consultation - reservation@restaurant-foodie.fr
2025-04-14 09:24:04,096 - Consultation - 60reservation@foodie-restaurant.fr
2025-04-14 09:24:04,096 - Consultation - 60reservation@restaurant-foodie.fr
2025-04-14 09:24:04,763 - Consultation - contact@privateaser.com
2025-04-14 09:24:19,544 - Consultation - troisieme.nice@hyatt.com
2025-04-14 09:24:21,521 - Consultation - contact@oliveartichaut.com
2025-04-14 09:24:32,815 - Consultation - nlesbars@lenegresco.com
2025-04-14 09:24:36,488 - Consultation - Contact@sakura-sushi.fr
2025-04-14 09:24:38,052 - Consultation - info@tradiswiss-nice.fr
2025-04-14 09:24:42,973 - Consultation - seen.plazanice@anantara-hotels.com
2025-04-14 09:24:43,210 - Consultation - info@plagenicebeaurivage.com
2025-04-14 09:25:06,577 - Consultation - restaurantbrr.tejo@gmail.com
2025-04-14 09:25:12,537 - Consultation - contact@felixdenice.com
2025-04-14 09:25:31,577 - Consultation - Serviceclients.charmand@gmail.com
2025-04-14 09:25:31,955 - Consultation - info@af-nice.fr
2025-04-14 09:26:02,779 - Consultation - arlequingelati@yahoo.com
2025-04-14 09:26:02,780 - Consultation - arlequingelati@yahoo.com04
2025-04-14 09:26:06,435 - Consultation - contact@bella-bay.fr
2025-04-14 09:26:07,641 - Consultation - Nicecontact@yoserestaurant.com09.83.46.43.21NomE-
2025-04-14 09:26:07,641 - Consultation - contact@yoserestaurant.com
2025-04-14 09:26:08,240 - Consultation - contact@boccamar.com
2025-04-14 09:26:09,445 - Consultation - meetme@lecountrystore.com
2025-04-14 09:26:16,084 - Consultation - info@laromate.fr
2025-04-14 09:26:17,966 - Consultation - hello@lafabriquegivree.com
2025-04-14 09:26:20,825 - Consultation - cafedesamisnice@gmail.com
2025-04-14 09:26:21,938 - Consultation - info@mysite.com
2025-04-14 09:26:21,938 - Consultation - la.gioia.nice@gmail.comLe
2025-04-14 09:26:21,938 - Consultation - reservations.gioianice@gmail.comLocation
2025-04-14 09:26:21,938 - Consultation - la.gioia.nice@gmail.com
2025-04-14 09:26:22,253 - Consultation - AMBASSADEUR@DeVOR.MEINSTAGRAM
2025-04-14 09:26:24,992 - Consultation - compagnonsdelagrappe@gmail.com
2025-04-14 09:26:25,377 - Consultation - 18contact@theoriginalfoca.fr
2025-04-14 09:26:25,377 - Consultation - contact@theoriginalfoca.fr
2025-04-14 09:26:25,377 - Consultation - 60contact@theoriginalfoca.frThe
2025-04-14 09:26:33,616 - Consultation - lagaite-nallino@orange.fr
2025-04-14 09:26:33,957 - Consultation - contact@aucoeurdesterroirs.com
2025-04-14 09:26:35,593 - Consultation - lekobe2017@gmail.com
2025-04-14 09:26:35,888 - Consultation - contact@pizza-napoli-06.fr
2025-04-14 09:26:39,435 - Consultation - contact@blendcoffeevinyl.com
2025-04-14 09:26:39,754 - Consultation - info@restaurantonice.com
2025-04-14 09:26:39,754 - Consultation - 30info@restaurantonice.com
2025-04-14 09:26:39,754 - Consultation - info@restaurantnormal.com
2025-04-14 09:26:39,754 - Consultation - info@restaurantonice.comVeuillez
2025-04-14 09:26:40,305 - Consultation - contact@restaurant-millesime.fr
2025-04-14 09:27:01,623 - Consultation - contact@nuances-restaurant.com
2025-04-14 09:27:03,656 - Consultation - ContactLeMagenta@gmail.com
2025-04-14 09:27:04,668 - Certificate did not match expected hostname: www.loutape-nice.com. Certificate: {'subject': ((('commonName', 'cowboy.o2switch.net'),),), 'issuer': ((('countryName', 'US'),), (('organizationName', "Let's Encrypt"),), (('commonName', 'R10'),)), 'version': 3, 'serialNumber': '06F7759CEE9A3C43EA863EC9F6D10D7EF2CF', 'notBefore': 'Mar 19 20:56:37 2025 GMT', 'notAfter': 'Jun 17 20:56:36 2025 GMT', 'subjectAltName': (('DNS', 'autoconfig.cowboy.o2switch.net'), ('DNS', 'autodiscover.cowboy.o2switch.net'), ('DNS', 'cowboy.o2switch.net'), ('DNS', 'cpanel.cowboy.o2switch.net'), ('DNS', 'cpcalendars.cowboy.o2switch.net'), ('DNS', 'cpcontacts.cowboy.o2switch.net'), ('DNS', 'ipv6.cowboy.o2switch.net'), ('DNS', 'mail.cowboy.o2switch.net'), ('DNS', 'webdisk.cowboy.o2switch.net'), ('DNS', 'webmail.cowboy.o2switch.net'), ('DNS', 'whm.cowboy.o2switch.net'), ('DNS', 'www.cowboy.o2switch.net')), 'OCSP': ('http://r10.o.lencr.org',), 'caIssuers': ('http://r10.i.lencr.org/',), 'crlDistributionPoints': ('http://r10.c.lencr.org/80.crl',)}
2025-04-14 09:27:05,540 - Consultation - lachaumierenice@gmail.com
2025-04-14 09:27:06,558 - Consultation - contact@shounga.bar
2025-04-14 09:27:09,982 - Consultation - dafrancesconice@gmail.com
2025-04-14 09:27:10,222 - Consultation - hello@babelbabel.fr
2025-04-14 09:27:14,353 - Consultation - ledantenice@gmail.com
2025-04-14 09:27:16,013 - Consultation - contact@sentimi.fr
2025-04-14 09:27:16,248 - Consultation - contact@chezlesgarcons.fr
2025-04-14 09:27:20,649 - Consultation - contact@boccanissa.com
2025-04-14 09:27:22,514 - Consultation - contact@waynesbar-restaurant.com
2025-04-14 09:27:38,897 - Consultation - lebarachoisnice@gmail.com
2025-04-14 09:27:39,117 - Consultation - -nousPartenairesdavisto@orange.fr
2025-04-14 09:27:39,117 - Consultation - davisto@orange.fr
2025-04-14 09:27:45,454 - Consultation - Accueilcontact@coach-digital-nice.com2023-02-13T13
2025-04-14 09:27:58,978 - Consultation - 27bienvenue@causetteetbergamote.com
2025-04-14 09:27:59,690 - Consultation - infos@casapizzanice.fr
2025-04-14 09:28:06,202 - Consultation - info@theservicecourse.cc
2025-04-14 09:28:06,645 - Consultation - contact@ornatokitchenbar.fr
2025-04-14 09:28:07,443 - Consultation - 39neronglacier@yahoo.com
2025-04-14 09:28:10,702 - Consultation - 18contact@theoriginalfoca.fr
2025-04-14 09:28:10,703 - Consultation - contact@theoriginalfoca.fr
2025-04-14 09:28:10,703 - Consultation - 60contact@theoriginalfoca.frThe
2025-04-14 09:28:12,158 - Consultation - hello@lapopotedondine.com
2025-04-14 09:28:13,809 - Consultation - info@ma-nolans.com
2025-04-14 09:28:14,909 - Consultation - lebistrotdejeff@gmail.com
2025-04-14 09:28:23,404 - Consultation - nicelemaquis@gmail.com
2025-04-14 09:28:27,324 - Consultation - Nicerestaurantpure-v@hotmail.com
2025-04-14 09:28:27,324 - Consultation - restaurantpure-v@hotmail.com
2025-04-14 09:28:27,634 - Consultation - contact@casa-nissa.com
2025-04-14 09:28:47,024 - Certificate did not match expected hostname: www.thefrenchy-burger.fr. Certificate: {'subject': ((('commonName', '10000-volpe.fr'),),), 'issuer': ((('countryName', 'US'),), (('organizationName', "Let's Encrypt"),), (('commonName', 'R11'),)), 'version': 3, 'serialNumber': '04D1B681FBA8AAF82DEE5E74C7E2DF7E3E0B', 'notBefore': 'Feb  9 16:34:44 2025 GMT', 'notAfter': 'May 10 16:34:43 2025 GMT', 'subjectAltName': (('DNS', '10000-volpe.fr'), ('DNS', 'www.10000-volpe.fr')), 'OCSP': ('http://r11.o.lencr.org',), 'caIssuers': ('http://r11.i.lencr.org/',)}
2025-04-14 09:28:49,281 - Consultation - paperplane06@outlook.frContact
2025-04-14 09:28:49,281 - Consultation - paperplane06@outlook.fr
2025-04-14 09:28:56,335 - Consultation - reservation@bistrotgourmand.net
2025-04-14 09:28:56,969 - Consultation - contact@papilla.fr
2025-04-14 09:29:00,621 - Certificate did not match expected hostname: www.lepanama-nice.com. Certificate: {'subject': ((('commonName', 'cowboy.o2switch.net'),),), 'issuer': ((('countryName', 'US'),), (('organizationName', "Let's Encrypt"),), (('commonName', 'R10'),)), 'version': 3, 'serialNumber': '06F7759CEE9A3C43EA863EC9F6D10D7EF2CF', 'notBefore': 'Mar 19 20:56:37 2025 GMT', 'notAfter': 'Jun 17 20:56:36 2025 GMT', 'subjectAltName': (('DNS', 'autoconfig.cowboy.o2switch.net'), ('DNS', 'autodiscover.cowboy.o2switch.net'), ('DNS', 'cowboy.o2switch.net'), ('DNS', 'cpanel.cowboy.o2switch.net'), ('DNS', 'cpcalendars.cowboy.o2switch.net'), ('DNS', 'cpcontacts.cowboy.o2switch.net'), ('DNS', 'ipv6.cowboy.o2switch.net'), ('DNS', 'mail.cowboy.o2switch.net'), ('DNS', 'webdisk.cowboy.o2switch.net'), ('DNS', 'webmail.cowboy.o2switch.net'), ('DNS', 'whm.cowboy.o2switch.net'), ('DNS', 'www.cowboy.o2switch.net')), 'OCSP': ('http://r10.o.lencr.org',), 'caIssuers': ('http://r10.i.lencr.org/',), 'crlDistributionPoints': ('http://r10.c.lencr.org/80.crl',)}
2025-04-14 09:29:02,772 - Consultation - nice@restaurantgina.com
2025-04-14 09:29:05,673 - Consultation - levidence@aol.com
2025-04-14 09:29:06,196 - Consultation - contact@lepotirongourmet.com
2025-04-14 09:29:06,196 - Consultation - contact@lepotirongourmet.combottom
2025-04-14 09:29:06,789 - Consultation - contact@rouge-restaurant.fr09.77.94.22.39
2025-04-14 09:29:09,433 - Consultation - reservation@casaleya.com
2025-04-14 09:29:13,278 - Consultation - 11restauration@lenegresco.com
2025-04-14 09:29:13,278 - Consultation - restauration@lenegresco.com
2025-04-14 09:29:13,278 - Consultation - 11rotonde@lenegresco.com
2025-04-14 09:29:13,278 - Consultation - rotonde@lenegresco.com
2025-04-14 09:29:15,268 - Consultation - info@ma-nolans.com
2025-04-14 09:29:17,515 - Certificate did not match expected hostname: www.linstant-nice.com. Certificate: {'subject': ((('commonName', 'cowboy.o2switch.net'),),), 'issuer': ((('countryName', 'US'),), (('organizationName', "Let's Encrypt"),), (('commonName', 'R10'),)), 'version': 3, 'serialNumber': '06F7759CEE9A3C43EA863EC9F6D10D7EF2CF', 'notBefore': 'Mar 19 20:56:37 2025 GMT', 'notAfter': 'Jun 17 20:56:36 2025 GMT', 'subjectAltName': (('DNS', 'autoconfig.cowboy.o2switch.net'), ('DNS', 'autodiscover.cowboy.o2switch.net'), ('DNS', 'cowboy.o2switch.net'), ('DNS', 'cpanel.cowboy.o2switch.net'), ('DNS', 'cpcalendars.cowboy.o2switch.net'), ('DNS', 'cpcontacts.cowboy.o2switch.net'), ('DNS', 'ipv6.cowboy.o2switch.net'), ('DNS', 'mail.cowboy.o2switch.net'), ('DNS', 'webdisk.cowboy.o2switch.net'), ('DNS', 'webmail.cowboy.o2switch.net'), ('DNS', 'whm.cowboy.o2switch.net'), ('DNS', 'www.cowboy.o2switch.net')), 'OCSP': ('http://r10.o.lencr.org',), 'caIssuers': ('http://r10.i.lencr.org/',), 'crlDistributionPoints': ('http://r10.c.lencr.org/80.crl',)}
2025-04-14 09:29:21,233 - Consultation - cafe.chagall06@gmail.com
2025-04-14 09:29:21,233 - Consultation - nom@exemple.com
2025-04-14 09:29:22,027 - Consultation - sav@columbuscafe.com
2025-04-14 09:29:22,319 - Consultation - wmnice06@gmail.com
2025-04-14 09:29:22,319 - Consultation - Nicewmnice06@gmail.com06.68.46.96.65Accueil
2025-04-14 09:29:27,530 - Consultation - contact@cafedeturin.fr
2025-04-14 09:29:29,818 - Consultation - contact@luzine-restaurant.com
2025-04-14 09:29:31,820 - Consultation - contact@pizzafalicon-nice.frCommander
2025-04-14 09:29:33,252 - Consultation - contact.france@steaknshake.com
2025-04-14 09:29:37,816 - Consultation - westend@3ahotels.com
2025-04-14 09:29:40,416 - Certificate did not match expected hostname: www.latabledejoia.com. Certificate: {'subject': ((('commonName', 'cowboy.o2switch.net'),),), 'issuer': ((('countryName', 'US'),), (('organizationName', "Let's Encrypt"),), (('commonName', 'R10'),)), 'version': 3, 'serialNumber': '06F7759CEE9A3C43EA863EC9F6D10D7EF2CF', 'notBefore': 'Mar 19 20:56:37 2025 GMT', 'notAfter': 'Jun 17 20:56:36 2025 GMT', 'subjectAltName': (('DNS', 'autoconfig.cowboy.o2switch.net'), ('DNS', 'autodiscover.cowboy.o2switch.net'), ('DNS', 'cowboy.o2switch.net'), ('DNS', 'cpanel.cowboy.o2switch.net'), ('DNS', 'cpcalendars.cowboy.o2switch.net'), ('DNS', 'cpcontacts.cowboy.o2switch.net'), ('DNS', 'ipv6.cowboy.o2switch.net'), ('DNS', 'mail.cowboy.o2switch.net'), ('DNS', 'webdisk.cowboy.o2switch.net'), ('DNS', 'webmail.cowboy.o2switch.net'), ('DNS', 'whm.cowboy.o2switch.net'), ('DNS', 'www.cowboy.o2switch.net')), 'OCSP': ('http://r10.o.lencr.org',), 'caIssuers': ('http://r10.i.lencr.org/',), 'crlDistributionPoints': ('http://r10.c.lencr.org/80.crl',)}
2025-04-14 09:29:44,769 - Consultation - contact.nice@boscolocollection.com
2025-04-14 09:29:49,811 - Consultation - quality@3ahotels.com
2025-04-14 09:29:49,811 - Consultation - aston@3ahotels.com
2025-04-14 09:29:49,811 - Consultation - horloge@hotelastonlascala.com
2025-04-14 09:29:49,811 - Consultation - events@hotelastonlascala.com
2025-04-14 09:29:50,160 - Consultation - contact@kohola.fr
2025-04-14 09:29:50,160 - Consultation - communication@kohola.fr
2025-04-14 09:29:56,918 - Consultation - asiafoodnice@gmail.com
2025-04-14 09:30:00,139 - Consultation - contact@nlaplage.com
2025-04-14 09:30:01,717 - Consultation - pollyandcie@gmail.com
2025-04-14 09:30:02,635 - Consultation - pollyandcie@gmail.com
2025-04-14 09:30:16,319 - Certificate did not match expected hostname: www.alatabledumarche.com. Certificate: {'subject': ((('commonName', '*.cloudwaysapps.com'),),), 'issuer': ((('countryName', 'GB'),), (('stateOrProvinceName', 'Greater Manchester'),), (('localityName', 'Salford'),), (('organizationName', 'Sectigo Limited'),), (('commonName', 'Sectigo RSA Domain Validation Secure Server CA'),)), 'version': 3, 'serialNumber': '263DA29350A069603D79468216B9FFF1', 'notBefore': 'Apr  5 00:00:00 2024 GMT', 'notAfter': 'May  6 23:59:59 2025 GMT', 'subjectAltName': (('DNS', '*.cloudwaysapps.com'), ('DNS', 'cloudwaysapps.com')), 'OCSP': ('http://ocsp.sectigo.com',), 'caIssuers': ('http://crt.sectigo.com/SectigoRSADomainValidationSecureServerCA.crt',)}
2025-04-14 09:30:17,861 - Consultation - info@loubalico.com
2025-04-14 09:30:18,444 - Consultation - contact@museedusport.fr
2025-04-14 09:30:18,860 - Consultation - contact@nooris.comwww.nooris.com
2025-04-14 09:30:21,581 - Consultation - paulinefaitlacuisine@gmail.com06
2025-04-14 09:30:21,581 - Consultation - paulinefaitlacuisine@gmail.com
2025-04-14 09:30:23,196 - Consultation - info@splendid-nice.com
2025-04-14 09:30:23,196 - Consultation - sales@splendid-nice.com
2025-04-14 09:30:24,845 - Consultation - contact@finegueule.fr
2025-04-14 09:30:25,494 - Consultation - ContactSohoNice@gmail.com
2025-04-14 09:30:29,410 - Consultation - contact@salette-restaurant.fr
2025-04-14 09:30:30,012 - Consultation - gday@van-diemens.fr
2025-04-14 09:30:32,103 - Consultation - marcel@kingmarcel.com
2025-04-14 09:30:38,031 - Consultation - sushi.lune@yahoo.fr
2025-04-14 09:30:47,331 - Consultation - Contact@bluebeach.fr
2025-04-14 09:30:47,834 - Consultation - lebistrotdejennifer06@gmail.com
2025-04-14 09:31:06,421 - Consultation - lp@hotel-la-perouse.com
2025-04-14 09:31:08,254 - Consultation - restaurantpiccolaitalia@gmail.com
2025-04-14 09:31:10,600 - Consultation - 80contact@lareservedenice.frFrEnPlan
2025-04-14 09:31:10,600 - Consultation - contact@lareservedenice.fr
2025-04-14 09:31:11,843 - Consultation - les.sens.nice@gmail.com
2025-04-14 09:31:15,016 - Consultation - lappartrestaurant.nice@gmail.com
2025-04-14 09:31:17,701 - Certificate did not match expected hostname: www.brasseriedecastillon.com. Certificate: {'subject': ((('commonName', '*.odoo.com'),),), 'issuer': ((('countryName', 'US'),), (('organizationName', "Let's Encrypt"),), (('commonName', 'R10'),)), 'version': 3, 'serialNumber': '0418F8136D1879326B6CDABE46BFEB56D4AB', 'notBefore': 'Feb  3 00:41:10 2025 GMT', 'notAfter': 'May  4 00:41:09 2025 GMT', 'subjectAltName': (('DNS', '*.odoo.com'), ('DNS', 'odoo.com')), 'OCSP': ('http://r10.o.lencr.org',), 'caIssuers': ('http://r10.i.lencr.org/',)}
2025-04-14 09:31:17,991 - Consultation - name@email.com
2025-04-14 09:31:17,991 - Consultation - contact@confiserieballanger.com
2025-04-14 09:31:32,757 - Consultation - quality@3ahotels.com
2025-04-14 09:31:32,758 - Consultation - aston@3ahotels.com
2025-04-14 09:31:32,758 - Consultation - horloge@hotelastonlascala.com
2025-04-14 09:31:32,758 - Consultation - events@hotelastonlascala.com
2025-04-14 09:31:33,638 - Consultation - contact@letempsdunete-plage.fr
2025-04-14 09:31:34,897 - Consultation - chezminanice@gmail.com
2025-04-14 09:31:37,712 - Consultation - labarquebleuenice@gmail.com
2025-04-14 09:31:41,238 - Consultation - contact@leplongeoir.com
2025-04-14 09:31:41,238 - Consultation - 02contact@leplongeoir.com
2025-04-14 09:31:41,238 - Consultation - commercial@leplongeoir.com
2025-04-14 09:31:43,882 - Consultation - contact@lespinsdalep.fr
2025-04-14 09:31:44,745 - Consultation - lesanjuannice@hotmail.fr
2025-04-14 09:31:45,330 - Consultation - commande@bellota-bellota.com
2025-04-14 09:31:53,810 - Consultation - miam@so-green.fr
2025-04-14 09:32:02,511 - Consultation - club@laboulisterie.com
2025-04-14 09:32:02,511 - Consultation - contact@laboulisterie.com
2025-04-14 09:32:14,703 - Certificate did not match expected hostname: mascareignes-cafe.fr. Certificate: {'subject': ((('commonName', 'cluster027.hosting.ovh.net'),),), 'issuer': ((('countryName', 'US'),), (('organizationName', "Let's Encrypt"),), (('commonName', 'R11'),)), 'version': 3, 'serialNumber': '03834465441DAA73F4F7EB0D384FCBEEA4C9', 'notBefore': 'Mar 11 09:43:09 2025 GMT', 'notAfter': 'Jun  9 09:43:08 2025 GMT', 'subjectAltName': (('DNS', 'cluster027.hosting.ovh.net'),), 'OCSP': ('http://r11.o.lencr.org',), 'caIssuers': ('http://r11.i.lencr.org/',)}
2025-04-14 09:32:22,553 - Consultation - Francebulldogpubpompei@gmail.comNomE-
2025-04-14 09:32:22,553 - Consultation - bulldogpubpompei@gmail.com
2025-04-14 09:32:25,521 - Consultation - service-clients@cafeducycliste.com
2025-04-14 09:32:32,424 - Consultation - orderlunatiki@hotmail.com
2025-04-14 09:32:44,405 - Consultation - contact@privateaser.com
2025-04-14 09:33:00,918 - Consultation - contact@maison-joia.com
2025-04-14 09:33:01,184 - Consultation - reservation@westminster-nice.com
2025-04-14 09:33:01,525 - Consultation - contact@bozen.fr
2025-04-14 09:33:02,041 - Consultation - info@lebluewhales.com
2025-04-14 09:33:05,625 - Consultation - restaurant@lesdeuxcanailles.com
2025-04-14 09:33:07,798 - Consultation - info@shazi.fr
2025-04-14 09:33:07,798 - Consultation - 19info@shazi.frNom
2025-04-14 09:33:08,547 - Consultation - chantecler@lenegresco.com
2025-04-14 09:33:08,836 - Consultation - name@email.com
2025-04-14 09:33:08,836 - Consultation - contact@confiserieballanger.com
2025-04-14 09:33:09,829 - Consultation - sophiebudoia@gmail.com
2025-04-14 12:06:23,973 - Consultation - contact@camaero-equipements.fr
2025-04-14 13:00:12,176 - Consultation - restaurantlespalmiers@orange.fr
2025-04-14 13:00:31,124 - Consultation - contact@pappagallo.co
2025-04-14 13:00:49,968 - Consultation - Chezgratta@outlook.fr
2025-04-14 13:01:08,679 - Consultation - marketing@panorama.group
2025-04-14 13:02:37,635 - Consultation - rina.restaurants@gmail.com
2025-04-14 13:02:56,480 - Consultation - caffevergnano1882nice@gmail.com
2025-04-14 14:09:57,516 - Consultation - restauration@westminster-nice.com
2025-04-14 14:09:57,517 - Consultation - reservation@westminster-nice.com
2025-04-14 14:10:12,733 - Consultation - contactaubureaunice@grouperkr.com
2025-04-14 14:10:13,010 - Consultation - contact@brumecoffeenice.fr
2025-04-14 14:10:19,261 - Consultation - tipsynicebar@gmail.com
2025-04-14 14:10:21,122 - Consultation - koocfrance@gmail.com
2025-04-14 14:10:21,605 - Consultation - 03lesagitateursnice@gmail.comfournisseurs
2025-04-14 14:10:21,606 - Consultation - gestion@lesagitateurs.com
2025-04-14 14:10:21,606 - Consultation - lesagitateursnice@gmail.com
2025-04-14 14:10:21,606 - Consultation - fournisseurs@lesagitateurs.com
2025-04-14 14:10:34,865 - Consultation - contact@chezlesgarcons.fr
2025-04-14 14:10:41,914 - Consultation - marc@slush.fr
2025-04-14 14:10:41,914 - Consultation - cookies@emiliescookies.com
2025-04-14 14:10:43,450 - Consultation - attimi@arimondo.net
2025-04-14 14:10:46,982 - Consultation - koocfrance@gmail.com
2025-04-14 14:10:47,889 - Consultation - contact@biogstore.com
2025-04-14 14:10:49,048 - Consultation - 60reservation@restaurant-foodie.fr
2025-04-14 14:10:49,048 - Consultation - reservation@restaurant-foodie.fr
2025-04-14 14:10:49,048 - Consultation - 60reservation@foodie-restaurant.fr
2025-04-14 14:10:50,387 - Consultation - contact@privateaser.com
2025-04-14 14:11:16,310 - Consultation - troisieme.nice@hyatt.com
2025-04-14 14:11:18,380 - Consultation - contact@oliveartichaut.com
2025-04-14 14:11:20,705 - Consultation - nlesbars@lenegresco.com
2025-04-14 14:11:25,868 - Consultation - Contact@sakura-sushi.fr
2025-04-14 14:11:28,177 - Consultation - info@tradiswiss-nice.fr
2025-04-14 14:11:35,136 - Consultation - seen.plazanice@anantara-hotels.com
2025-04-14 14:11:36,184 - Consultation - info@plagenicebeaurivage.com
2025-04-14 14:12:01,031 - Consultation - restaurantbrr.tejo@gmail.com
2025-04-14 14:12:08,956 - Consultation - contact@felixdenice.com
2025-04-14 14:12:32,052 - Consultation - Serviceclients.charmand@gmail.com
2025-04-14 14:12:59,324 - Certificate did not match expected hostname: www.thefrenchy-burger.fr. Certificate: {'subject': ((('commonName', '10000-volpe.fr'),),), 'issuer': ((('countryName', 'US'),), (('organizationName', "Let's Encrypt"),), (('commonName', 'R11'),)), 'version': 3, 'serialNumber': '04D1B681FBA8AAF82DEE5E74C7E2DF7E3E0B', 'notBefore': 'Feb  9 16:34:44 2025 GMT', 'notAfter': 'May 10 16:34:43 2025 GMT', 'subjectAltName': (('DNS', '10000-volpe.fr'), ('DNS', 'www.10000-volpe.fr')), 'OCSP': ('http://r11.o.lencr.org',), 'caIssuers': ('http://r11.i.lencr.org/',)}
2025-04-14 14:13:05,483 - Consultation - paperplane06@outlook.fr
2025-04-14 14:13:05,483 - Consultation - paperplane06@outlook.frContact
2025-04-14 14:13:16,183 - Consultation - reservation@bistrotgourmand.net
2025-04-14 14:13:16,801 - Consultation - contact@papilla.fr
2025-04-14 14:13:21,180 - Certificate did not match expected hostname: www.lepanama-nice.com. Certificate: {'subject': ((('commonName', 'cowboy.o2switch.net'),),), 'issuer': ((('countryName', 'US'),), (('organizationName', "Let's Encrypt"),), (('commonName', 'R10'),)), 'version': 3, 'serialNumber': '06F7759CEE9A3C43EA863EC9F6D10D7EF2CF', 'notBefore': 'Mar 19 20:56:37 2025 GMT', 'notAfter': 'Jun 17 20:56:36 2025 GMT', 'subjectAltName': (('DNS', 'autoconfig.cowboy.o2switch.net'), ('DNS', 'autodiscover.cowboy.o2switch.net'), ('DNS', 'cowboy.o2switch.net'), ('DNS', 'cpanel.cowboy.o2switch.net'), ('DNS', 'cpcalendars.cowboy.o2switch.net'), ('DNS', 'cpcontacts.cowboy.o2switch.net'), ('DNS', 'ipv6.cowboy.o2switch.net'), ('DNS', 'mail.cowboy.o2switch.net'), ('DNS', 'webdisk.cowboy.o2switch.net'), ('DNS', 'webmail.cowboy.o2switch.net'), ('DNS', 'whm.cowboy.o2switch.net'), ('DNS', 'www.cowboy.o2switch.net')), 'OCSP': ('http://r10.o.lencr.org',), 'caIssuers': ('http://r10.i.lencr.org/',), 'crlDistributionPoints': ('http://r10.c.lencr.org/80.crl',)}
2025-04-14 14:13:25,688 - Consultation - nice@restaurantgina.com
2025-04-14 14:13:28,571 - Consultation - levidence@aol.com
2025-04-14 14:13:29,782 - Consultation - contact@lepotirongourmet.com
2025-04-14 14:13:29,782 - Consultation - contact@lepotirongourmet.combottom
2025-04-14 14:13:30,489 - Consultation - contact@rouge-restaurant.fr09.77.94.22.39
2025-04-14 14:13:32,784 - Consultation - reservation@casaleya.com
2025-04-14 14:13:37,217 - Consultation - 11restauration@lenegresco.com
2025-04-14 14:13:37,217 - Consultation - restauration@lenegresco.com
2025-04-14 14:13:37,217 - Consultation - 11rotonde@lenegresco.com
2025-04-14 14:13:37,218 - Consultation - rotonde@lenegresco.com
2025-04-14 14:13:39,240 - Consultation - info@ma-nolans.com
2025-04-14 14:13:42,087 - Certificate did not match expected hostname: www.linstant-nice.com. Certificate: {'subject': ((('commonName', 'cowboy.o2switch.net'),),), 'issuer': ((('countryName', 'US'),), (('organizationName', "Let's Encrypt"),), (('commonName', 'R10'),)), 'version': 3, 'serialNumber': '06F7759CEE9A3C43EA863EC9F6D10D7EF2CF', 'notBefore': 'Mar 19 20:56:37 2025 GMT', 'notAfter': 'Jun 17 20:56:36 2025 GMT', 'subjectAltName': (('DNS', 'autoconfig.cowboy.o2switch.net'), ('DNS', 'autodiscover.cowboy.o2switch.net'), ('DNS', 'cowboy.o2switch.net'), ('DNS', 'cpanel.cowboy.o2switch.net'), ('DNS', 'cpcalendars.cowboy.o2switch.net'), ('DNS', 'cpcontacts.cowboy.o2switch.net'), ('DNS', 'ipv6.cowboy.o2switch.net'), ('DNS', 'mail.cowboy.o2switch.net'), ('DNS', 'webdisk.cowboy.o2switch.net'), ('DNS', 'webmail.cowboy.o2switch.net'), ('DNS', 'whm.cowboy.o2switch.net'), ('DNS', 'www.cowboy.o2switch.net')), 'OCSP': ('http://r10.o.lencr.org',), 'caIssuers': ('http://r10.i.lencr.org/',), 'crlDistributionPoints': ('http://r10.c.lencr.org/80.crl',)}
2025-04-14 14:13:50,740 - Consultation - cafe.chagall06@gmail.com
2025-04-14 14:13:50,740 - Consultation - nom@exemple.com
2025-04-14 14:13:51,105 - Consultation - sav@columbuscafe.com
2025-04-14 14:13:51,762 - Consultation - wmnice06@gmail.com
2025-04-14 14:13:51,762 - Consultation - Nicewmnice06@gmail.com06.68.46.96.65Accueil
2025-04-14 14:13:55,510 - Consultation - contact@cafedeturin.fr
2025-04-14 14:13:55,736 - Consultation - contact@luzine-restaurant.com
2025-04-14 14:13:57,760 - Consultation - contact@pizzafalicon-nice.frCommander
2025-04-14 14:13:59,243 - Consultation - contact.france@steaknshake.com
2025-04-14 14:14:01,518 - Consultation - westend@3ahotels.com
2025-04-14 14:14:05,142 - Certificate did not match expected hostname: www.latabledejoia.com. Certificate: {'subject': ((('commonName', 'cowboy.o2switch.net'),),), 'issuer': ((('countryName', 'US'),), (('organizationName', "Let's Encrypt"),), (('commonName', 'R10'),)), 'version': 3, 'serialNumber': '06F7759CEE9A3C43EA863EC9F6D10D7EF2CF', 'notBefore': 'Mar 19 20:56:37 2025 GMT', 'notAfter': 'Jun 17 20:56:36 2025 GMT', 'subjectAltName': (('DNS', 'autoconfig.cowboy.o2switch.net'), ('DNS', 'autodiscover.cowboy.o2switch.net'), ('DNS', 'cowboy.o2switch.net'), ('DNS', 'cpanel.cowboy.o2switch.net'), ('DNS', 'cpcalendars.cowboy.o2switch.net'), ('DNS', 'cpcontacts.cowboy.o2switch.net'), ('DNS', 'ipv6.cowboy.o2switch.net'), ('DNS', 'mail.cowboy.o2switch.net'), ('DNS', 'webdisk.cowboy.o2switch.net'), ('DNS', 'webmail.cowboy.o2switch.net'), ('DNS', 'whm.cowboy.o2switch.net'), ('DNS', 'www.cowboy.o2switch.net')), 'OCSP': ('http://r10.o.lencr.org',), 'caIssuers': ('http://r10.i.lencr.org/',), 'crlDistributionPoints': ('http://r10.c.lencr.org/80.crl',)}
2025-04-14 14:14:07,437 - Consultation - contact.nice@boscolocollection.com
2025-04-14 14:14:11,571 - Consultation - horloge@hotelastonlascala.com
2025-04-14 14:14:11,571 - Consultation - aston@3ahotels.com
2025-04-14 14:14:11,571 - Consultation - quality@3ahotels.com
2025-04-14 14:14:11,571 - Consultation - events@hotelastonlascala.com
2025-04-14 14:14:12,222 - Consultation - contact@kohola.fr
2025-04-14 14:14:12,222 - Consultation - communication@kohola.fr
2025-04-14 14:14:22,706 - Consultation - asiafoodnice@gmail.com
2025-04-14 14:14:22,897 - Consultation - contact@nlaplage.com
2025-04-14 14:14:24,387 - Consultation - pollyandcie@gmail.com
2025-04-14 14:14:25,653 - Consultation - pollyandcie@gmail.com
2025-04-14 14:14:40,614 - Certificate did not match expected hostname: www.alatabledumarche.com. Certificate: {'subject': ((('commonName', '*.cloudwaysapps.com'),),), 'issuer': ((('countryName', 'GB'),), (('stateOrProvinceName', 'Greater Manchester'),), (('localityName', 'Salford'),), (('organizationName', 'Sectigo Limited'),), (('commonName', 'Sectigo RSA Domain Validation Secure Server CA'),)), 'version': 3, 'serialNumber': '263DA29350A069603D79468216B9FFF1', 'notBefore': 'Apr  5 00:00:00 2024 GMT', 'notAfter': 'May  6 23:59:59 2025 GMT', 'subjectAltName': (('DNS', '*.cloudwaysapps.com'), ('DNS', 'cloudwaysapps.com')), 'OCSP': ('http://ocsp.sectigo.com',), 'caIssuers': ('http://crt.sectigo.com/SectigoRSADomainValidationSecureServerCA.crt',)}
2025-04-14 14:14:42,131 - Consultation - info@loubalico.com
2025-04-14 14:14:43,006 - Consultation - contact@museedusport.fr
2025-04-14 14:14:43,446 - Consultation - contact@nooris.comwww.nooris.com
2025-04-14 14:14:46,271 - Consultation - paulinefaitlacuisine@gmail.com06
2025-04-14 14:14:46,271 - Consultation - paulinefaitlacuisine@gmail.com
2025-04-14 14:14:48,059 - Consultation - sales@splendid-nice.com
2025-04-14 14:14:48,059 - Consultation - info@splendid-nice.com
2025-04-14 14:14:49,872 - Consultation - contact@finegueule.fr
2025-04-14 14:14:50,616 - Consultation - ContactSohoNice@gmail.com
2025-04-14 14:14:56,524 - Consultation - contact@salette-restaurant.fr
2025-04-14 14:14:57,557 - Consultation - gday@van-diemens.fr
2025-04-14 14:15:01,731 - Consultation - marcel@kingmarcel.com
2025-04-14 14:15:08,529 - Consultation - sushi.lune@yahoo.fr
2025-04-14 14:15:12,241 - Consultation - Contact@bluebeach.fr
2025-04-14 14:15:12,872 - Consultation - lebistrotdejennifer06@gmail.com
2025-04-14 14:15:22,082 - Consultation - lp@hotel-la-perouse.com
2025-04-14 14:15:23,744 - Consultation - restaurantpiccolaitalia@gmail.com
2025-04-14 14:15:27,318 - Consultation - 80contact@lareservedenice.frFrEnPlan
2025-04-14 14:15:27,318 - Consultation - contact@lareservedenice.fr
2025-04-14 14:15:28,451 - Consultation - les.sens.nice@gmail.com
2025-04-14 14:15:32,584 - Consultation - lappartrestaurant.nice@gmail.com
2025-04-14 14:15:35,580 - Consultation - Info@Brasseriedecastillon.com
2025-04-14 14:15:35,581 - Consultation - hello@mycompany.com
2025-04-14 14:15:35,972 - Consultation - contact@confiserieballanger.com
2025-04-14 14:15:35,972 - Consultation - name@email.com
2025-04-14 14:15:51,887 - Consultation - horloge@hotelastonlascala.com
2025-04-14 14:15:51,887 - Consultation - aston@3ahotels.com
2025-04-14 14:15:51,887 - Consultation - quality@3ahotels.com
2025-04-14 14:15:51,887 - Consultation - events@hotelastonlascala.com
2025-04-14 14:15:54,594 - Consultation - contact@letempsdunete-plage.fr
2025-04-14 14:15:57,074 - Consultation - chezminanice@gmail.com
2025-04-14 14:16:00,467 - Consultation - labarquebleuenice@gmail.com
2025-04-14 14:16:05,718 - Consultation - contact@leplongeoir.com
2025-04-14 14:16:05,718 - Consultation - 02contact@leplongeoir.com
2025-04-14 14:16:05,718 - Consultation - commercial@leplongeoir.com
2025-04-14 14:16:08,960 - Consultation - contact@lespinsdalep.fr
2025-04-14 14:16:09,571 - Consultation - lesanjuannice@hotmail.fr
2025-04-14 14:16:10,448 - Consultation - commande@bellota-bellota.com
2025-04-14 14:16:17,602 - Consultation - miam@so-green.fr
2025-04-14 17:41:08,726 - Consultation - reservation@westminster-nice.com
2025-04-14 17:41:08,727 - Consultation - restauration@westminster-nice.com
2025-04-14 17:41:24,896 - Consultation - contactaubureaunice@grouperkr.com
2025-04-14 17:41:25,320 - Consultation - contact@brumecoffeenice.fr
2025-04-14 17:41:31,435 - Consultation - tipsynicebar@gmail.com
2025-04-14 17:41:33,391 - Consultation - koocfrance@gmail.com
2025-04-14 17:41:33,910 - Consultation - lesagitateursnice@gmail.com
2025-04-14 17:41:33,910 - Consultation - fournisseurs@lesagitateurs.com
2025-04-14 17:41:33,910 - Consultation - 03lesagitateursnice@gmail.comfournisseurs
2025-04-14 17:41:33,910 - Consultation - gestion@lesagitateurs.com
2025-04-14 17:41:45,770 - Consultation - contact@chezlesgarcons.fr
2025-04-14 17:41:54,437 - Consultation - marc@slush.fr
2025-04-14 17:41:54,437 - Consultation - cookies@emiliescookies.com
2025-04-14 17:41:55,717 - Consultation - attimi@arimondo.net
2025-04-14 17:41:59,792 - Consultation - koocfrance@gmail.com
2025-04-14 17:42:00,518 - Consultation - contact@biogstore.com
2025-04-14 17:42:01,634 - Consultation - reservation@restaurant-foodie.fr
2025-04-14 17:42:01,634 - Consultation - 60reservation@restaurant-foodie.fr
2025-04-14 17:42:01,634 - Consultation - 60reservation@foodie-restaurant.fr
2025-04-14 17:42:03,281 - Consultation - contact@privateaser.com
2025-04-14 17:42:29,230 - Consultation - troisieme.nice@hyatt.com
2025-04-14 17:42:30,644 - Consultation - contact@oliveartichaut.com
2025-04-14 17:42:33,028 - Consultation - nlesbars@lenegresco.com
2025-04-14 17:42:40,092 - Consultation - Contact@sakura-sushi.fr
2025-04-14 17:42:41,669 - Consultation - info@tradiswiss-nice.fr
2025-04-14 17:42:48,405 - Consultation - seen.plazanice@anantara-hotels.com
2025-04-14 17:42:49,522 - Consultation - info@plagenicebeaurivage.com
2025-04-14 17:43:17,833 - Consultation - restaurantbrr.tejo@gmail.com
2025-04-14 17:43:26,064 - Consultation - contact@felixdenice.com
2025-04-14 17:43:48,765 - Consultation - Serviceclients.charmand@gmail.com
2025-04-14 17:43:49,249 - Consultation - info@af-nice.fr
2025-04-14 17:44:21,007 - Consultation - arlequingelati@yahoo.com04
2025-04-14 17:44:21,007 - Consultation - arlequingelati@yahoo.com
2025-04-14 17:44:25,589 - Consultation - contact@bella-bay.fr
2025-04-14 17:44:27,885 - Consultation - contact@yoserestaurant.com
2025-04-14 17:44:27,885 - Consultation - Nicecontact@yoserestaurant.com09.83.46.43.21NomE-
2025-04-14 17:44:29,783 - Consultation - contact@boccamar.com
2025-04-14 17:44:31,458 - Consultation - meetme@lecountrystore.com
2025-04-14 17:44:35,423 - Consultation - info@laromate.fr
2025-04-14 17:44:36,884 - Consultation - hello@lafabriquegivree.com
2025-04-14 17:44:40,720 - Consultation - cafedesamisnice@gmail.com
2025-04-14 17:44:44,849 - Consultation - la.gioia.nice@gmail.comLe
2025-04-14 17:44:44,850 - Consultation - info@mysite.com
2025-04-14 17:44:44,850 - Consultation - la.gioia.nice@gmail.com
2025-04-14 17:44:44,850 - Consultation - reservations.gioianice@gmail.comLocation
2025-04-14 17:44:45,301 - Consultation - AMBASSADEUR@DeVOR.MEINSTAGRAM
2025-04-14 17:44:51,035 - Consultation - compagnonsdelagrappe@gmail.com
2025-04-14 17:44:51,517 - Consultation - 60contact@theoriginalfoca.frThe
2025-04-14 17:44:51,517 - Consultation - 18contact@theoriginalfoca.fr
2025-04-14 17:44:51,517 - Consultation - contact@theoriginalfoca.fr
2025-04-14 17:45:04,020 - Consultation - lagaite-nallino@orange.fr
2025-04-14 17:45:04,485 - Consultation - contact@aucoeurdesterroirs.com
2025-04-14 17:45:06,085 - Consultation - lekobe2017@gmail.com
2025-04-14 17:45:06,474 - Consultation - contact@pizza-napoli-06.fr
2025-04-14 17:45:12,573 - Consultation - contact@blendcoffeevinyl.com
2025-04-14 17:45:12,953 - Consultation - info@restaurantonice.comVeuillez
2025-04-14 17:45:12,953 - Consultation - info@restaurantonice.com
2025-04-14 17:45:12,953 - Consultation - info@restaurantnormal.com
2025-04-14 17:45:12,953 - Consultation - 30info@restaurantonice.com
2025-04-14 17:45:13,614 - Consultation - contact@restaurant-millesime.fr
2025-04-14 17:45:36,604 - Consultation - contact@nuances-restaurant.com
2025-04-14 17:45:38,810 - Consultation - ContactLeMagenta@gmail.com
2025-04-14 17:45:39,551 - Certificate did not match expected hostname: www.loutape-nice.com. Certificate: {'subject': ((('commonName', 'cowboy.o2switch.net'),),), 'issuer': ((('countryName', 'US'),), (('organizationName', "Let's Encrypt"),), (('commonName', 'R10'),)), 'version': 3, 'serialNumber': '06F7759CEE9A3C43EA863EC9F6D10D7EF2CF', 'notBefore': 'Mar 19 20:56:37 2025 GMT', 'notAfter': 'Jun 17 20:56:36 2025 GMT', 'subjectAltName': (('DNS', 'autoconfig.cowboy.o2switch.net'), ('DNS', 'autodiscover.cowboy.o2switch.net'), ('DNS', 'cowboy.o2switch.net'), ('DNS', 'cpanel.cowboy.o2switch.net'), ('DNS', 'cpcalendars.cowboy.o2switch.net'), ('DNS', 'cpcontacts.cowboy.o2switch.net'), ('DNS', 'ipv6.cowboy.o2switch.net'), ('DNS', 'mail.cowboy.o2switch.net'), ('DNS', 'webdisk.cowboy.o2switch.net'), ('DNS', 'webmail.cowboy.o2switch.net'), ('DNS', 'whm.cowboy.o2switch.net'), ('DNS', 'www.cowboy.o2switch.net')), 'OCSP': ('http://r10.o.lencr.org',), 'caIssuers': ('http://r10.i.lencr.org/',), 'crlDistributionPoints': ('http://r10.c.lencr.org/80.crl',)}
2025-04-14 17:45:40,565 - Consultation - lachaumierenice@gmail.com
2025-04-14 17:45:41,935 - Consultation - contact@shounga.bar
2025-04-14 17:45:48,853 - Consultation - dafrancesconice@gmail.com
2025-04-14 17:45:49,152 - Consultation - hello@babelbabel.fr
2025-04-14 17:45:54,425 - Consultation - ledantenice@gmail.com
2025-04-14 17:45:56,403 - Consultation - contact@sentimi.fr
2025-04-14 17:45:56,703 - Consultation - contact@chezlesgarcons.fr
2025-04-14 17:46:03,988 - Consultation - contact@boccanissa.com
2025-04-14 17:46:06,667 - Consultation - contact@waynesbar-restaurant.com
2025-04-14 17:46:24,566 - Consultation - lebarachoisnice@gmail.com
2025-04-14 17:46:25,937 - Consultation - -nousPartenairesdavisto@orange.fr
2025-04-14 17:46:25,937 - Consultation - davisto@orange.fr
2025-04-14 17:46:33,805 - Consultation - Accueilcontact@coach-digital-nice.com2023-02-13T13
2025-04-14 17:46:39,033 - Consultation - wakabarnice@gmail.com
2025-04-14 17:46:42,449 - Consultation - 27bienvenue@causetteetbergamote.com
2025-04-14 17:46:43,611 - Consultation - infos@casapizzanice.fr
2025-04-14 17:46:55,021 - Consultation - info@theservicecourse.cc
2025-04-14 17:46:56,000 - Consultation - contact@ornatokitchenbar.fr
2025-04-14 17:46:57,188 - Consultation - 39neronglacier@yahoo.com
2025-04-14 17:47:02,696 - Consultation - 60contact@theoriginalfoca.frThe
2025-04-14 17:47:02,696 - Consultation - 18contact@theoriginalfoca.fr
2025-04-14 17:47:02,696 - Consultation - contact@theoriginalfoca.fr
2025-04-14 17:47:05,319 - Consultation - hello@lapopotedondine.com
2025-04-14 17:47:13,588 - Consultation - info@ma-nolans.com
2025-04-14 17:47:15,752 - Consultation - lebistrotdejeff@gmail.com
2025-04-14 17:47:28,365 - Consultation - nicelemaquis@gmail.com
2025-04-14 17:47:33,016 - Consultation - restaurantpure-v@hotmail.com
2025-04-14 17:47:33,017 - Consultation - Nicerestaurantpure-v@hotmail.com
2025-04-14 17:47:33,483 - Consultation - contact@casa-nissa.com
2025-04-14 17:47:55,049 - Certificate did not match expected hostname: www.thefrenchy-burger.fr. Certificate: {'subject': ((('commonName', '10000-volpe.fr'),),), 'issuer': ((('countryName', 'US'),), (('organizationName', "Let's Encrypt"),), (('commonName', 'R11'),)), 'version': 3, 'serialNumber': '0621DEF9D96B6D5B9A88F938EFB7C08770E8', 'notBefore': 'Apr 14 13:41:20 2025 GMT', 'notAfter': 'Jul 13 13:41:19 2025 GMT', 'subjectAltName': (('DNS', '10000-volpe.fr'), ('DNS', 'www.10000-volpe.fr')), 'OCSP': ('http://r11.o.lencr.org',), 'caIssuers': ('http://r11.i.lencr.org/',), 'crlDistributionPoints': ('http://r11.c.lencr.org/105.crl',)}
2025-04-14 17:48:01,136 - Consultation - paperplane06@outlook.frContact
2025-04-14 17:48:01,136 - Consultation - paperplane06@outlook.fr
2025-04-14 17:48:08,406 - Consultation - reservation@bistrotgourmand.net
2025-04-14 17:48:09,241 - Consultation - contact@papilla.fr
2025-04-14 17:48:14,779 - Certificate did not match expected hostname: www.lepanama-nice.com. Certificate: {'subject': ((('commonName', 'cowboy.o2switch.net'),),), 'issuer': ((('countryName', 'US'),), (('organizationName', "Let's Encrypt"),), (('commonName', 'R10'),)), 'version': 3, 'serialNumber': '06F7759CEE9A3C43EA863EC9F6D10D7EF2CF', 'notBefore': 'Mar 19 20:56:37 2025 GMT', 'notAfter': 'Jun 17 20:56:36 2025 GMT', 'subjectAltName': (('DNS', 'autoconfig.cowboy.o2switch.net'), ('DNS', 'autodiscover.cowboy.o2switch.net'), ('DNS', 'cowboy.o2switch.net'), ('DNS', 'cpanel.cowboy.o2switch.net'), ('DNS', 'cpcalendars.cowboy.o2switch.net'), ('DNS', 'cpcontacts.cowboy.o2switch.net'), ('DNS', 'ipv6.cowboy.o2switch.net'), ('DNS', 'mail.cowboy.o2switch.net'), ('DNS', 'webdisk.cowboy.o2switch.net'), ('DNS', 'webmail.cowboy.o2switch.net'), ('DNS', 'whm.cowboy.o2switch.net'), ('DNS', 'www.cowboy.o2switch.net')), 'OCSP': ('http://r10.o.lencr.org',), 'caIssuers': ('http://r10.i.lencr.org/',), 'crlDistributionPoints': ('http://r10.c.lencr.org/80.crl',)}
2025-04-14 17:48:18,695 - Consultation - nice@restaurantgina.com
2025-04-14 17:48:22,937 - Consultation - levidence@aol.com
2025-04-14 17:48:24,078 - Consultation - contact@lepotirongourmet.com
2025-04-14 17:48:24,078 - Consultation - contact@lepotirongourmet.combottom
2025-04-14 17:48:24,794 - Consultation - contact@rouge-restaurant.fr09.77.94.22.39
2025-04-14 17:48:27,074 - Consultation - reservation@casaleya.com
2025-04-14 17:48:32,347 - Consultation - rotonde@lenegresco.com
2025-04-14 17:48:32,347 - Consultation - 11restauration@lenegresco.com
2025-04-14 17:48:32,347 - Consultation - restauration@lenegresco.com
2025-04-14 17:48:32,347 - Consultation - 11rotonde@lenegresco.com
2025-04-14 17:48:34,828 - Consultation - info@ma-nolans.com
2025-04-14 17:48:38,918 - Certificate did not match expected hostname: www.linstant-nice.com. Certificate: {'subject': ((('commonName', 'cowboy.o2switch.net'),),), 'issuer': ((('countryName', 'US'),), (('organizationName', "Let's Encrypt"),), (('commonName', 'R10'),)), 'version': 3, 'serialNumber': '06F7759CEE9A3C43EA863EC9F6D10D7EF2CF', 'notBefore': 'Mar 19 20:56:37 2025 GMT', 'notAfter': 'Jun 17 20:56:36 2025 GMT', 'subjectAltName': (('DNS', 'autoconfig.cowboy.o2switch.net'), ('DNS', 'autodiscover.cowboy.o2switch.net'), ('DNS', 'cowboy.o2switch.net'), ('DNS', 'cpanel.cowboy.o2switch.net'), ('DNS', 'cpcalendars.cowboy.o2switch.net'), ('DNS', 'cpcontacts.cowboy.o2switch.net'), ('DNS', 'ipv6.cowboy.o2switch.net'), ('DNS', 'mail.cowboy.o2switch.net'), ('DNS', 'webdisk.cowboy.o2switch.net'), ('DNS', 'webmail.cowboy.o2switch.net'), ('DNS', 'whm.cowboy.o2switch.net'), ('DNS', 'www.cowboy.o2switch.net')), 'OCSP': ('http://r10.o.lencr.org',), 'caIssuers': ('http://r10.i.lencr.org/',), 'crlDistributionPoints': ('http://r10.c.lencr.org/80.crl',)}
2025-04-14 17:48:48,090 - Consultation - nom@exemple.com
2025-04-14 17:48:48,090 - Consultation - cafe.chagall06@gmail.com
2025-04-14 17:48:48,546 - Consultation - sav@columbuscafe.com
2025-04-14 17:48:49,339 - Consultation - Nicewmnice06@gmail.com06.68.46.96.65Accueil
2025-04-14 17:48:49,340 - Consultation - wmnice06@gmail.com
2025-04-14 17:48:53,660 - Consultation - contact@cafedeturin.fr
2025-04-14 17:48:54,866 - Consultation - contact@luzine-restaurant.com
2025-04-14 17:48:56,695 - Consultation - contact@pizzafalicon-nice.frCommander
2025-04-14 17:48:58,917 - Consultation - contact.france@steaknshake.com
2025-04-14 17:49:02,001 - Consultation - westend@3ahotels.com
2025-04-14 17:49:06,357 - Certificate did not match expected hostname: www.latabledejoia.com. Certificate: {'subject': ((('commonName', 'cowboy.o2switch.net'),),), 'issuer': ((('countryName', 'US'),), (('organizationName', "Let's Encrypt"),), (('commonName', 'R10'),)), 'version': 3, 'serialNumber': '06F7759CEE9A3C43EA863EC9F6D10D7EF2CF', 'notBefore': 'Mar 19 20:56:37 2025 GMT', 'notAfter': 'Jun 17 20:56:36 2025 GMT', 'subjectAltName': (('DNS', 'autoconfig.cowboy.o2switch.net'), ('DNS', 'autodiscover.cowboy.o2switch.net'), ('DNS', 'cowboy.o2switch.net'), ('DNS', 'cpanel.cowboy.o2switch.net'), ('DNS', 'cpcalendars.cowboy.o2switch.net'), ('DNS', 'cpcontacts.cowboy.o2switch.net'), ('DNS', 'ipv6.cowboy.o2switch.net'), ('DNS', 'mail.cowboy.o2switch.net'), ('DNS', 'webdisk.cowboy.o2switch.net'), ('DNS', 'webmail.cowboy.o2switch.net'), ('DNS', 'whm.cowboy.o2switch.net'), ('DNS', 'www.cowboy.o2switch.net')), 'OCSP': ('http://r10.o.lencr.org',), 'caIssuers': ('http://r10.i.lencr.org/',), 'crlDistributionPoints': ('http://r10.c.lencr.org/80.crl',)}
2025-04-14 17:49:08,683 - Consultation - contact.nice@boscolocollection.com
2025-04-14 17:49:13,910 - Consultation - events@hotelastonlascala.com
2025-04-14 17:49:13,910 - Consultation - horloge@hotelastonlascala.com
2025-04-14 17:49:13,910 - Consultation - quality@3ahotels.com
2025-04-14 17:49:13,910 - Consultation - aston@3ahotels.com
2025-04-14 17:49:14,739 - Consultation - communication@kohola.fr
2025-04-14 17:49:14,739 - Consultation - contact@kohola.fr
2025-04-14 17:49:24,051 - Consultation - asiafoodnice@gmail.com
2025-04-14 17:49:24,318 - Consultation - contact@nlaplage.com
2025-04-14 17:49:26,234 - Consultation - pollyandcie@gmail.com
2025-04-14 17:49:27,841 - Consultation - pollyandcie@gmail.com
2025-04-14 17:49:35,680 - Certificate did not match expected hostname: www.alatabledumarche.com. Certificate: {'subject': ((('commonName', '*.cloudwaysapps.com'),),), 'issuer': ((('countryName', 'GB'),), (('stateOrProvinceName', 'Greater Manchester'),), (('localityName', 'Salford'),), (('organizationName', 'Sectigo Limited'),), (('commonName', 'Sectigo RSA Domain Validation Secure Server CA'),)), 'version': 3, 'serialNumber': '263DA29350A069603D79468216B9FFF1', 'notBefore': 'Apr  5 00:00:00 2024 GMT', 'notAfter': 'May  6 23:59:59 2025 GMT', 'subjectAltName': (('DNS', '*.cloudwaysapps.com'), ('DNS', 'cloudwaysapps.com')), 'OCSP': ('http://ocsp.sectigo.com',), 'caIssuers': ('http://crt.sectigo.com/SectigoRSADomainValidationSecureServerCA.crt',)}
2025-04-14 17:49:37,823 - Consultation - info@loubalico.com
2025-04-14 17:49:38,701 - Consultation - contact@museedusport.fr
2025-04-14 17:49:39,439 - Consultation - contact@nooris.comwww.nooris.com
2025-04-14 17:49:42,738 - Consultation - paulinefaitlacuisine@gmail.com
2025-04-14 17:49:42,739 - Consultation - paulinefaitlacuisine@gmail.com06
2025-04-14 17:49:50,086 - Consultation - sales@splendid-nice.com
2025-04-14 17:49:50,087 - Consultation - info@splendid-nice.com
2025-04-14 17:49:51,081 - Consultation - contact@finegueule.fr
2025-04-14 17:49:52,252 - Consultation - ContactSohoNice@gmail.com
2025-04-14 17:49:58,221 - Consultation - contact@salette-restaurant.fr
2025-04-14 17:49:59,139 - Consultation - gday@van-diemens.fr
2025-04-14 17:50:04,068 - Consultation - marcel@kingmarcel.com
2025-04-14 17:50:10,533 - Consultation - sushi.lune@yahoo.fr
2025-04-14 17:50:14,630 - Consultation - Contact@bluebeach.fr
2025-04-14 17:50:15,356 - Consultation - lebistrotdejennifer06@gmail.com
2025-04-14 17:50:35,661 - Consultation - lp@hotel-la-perouse.com
2025-04-14 17:50:37,553 - Consultation - restaurantpiccolaitalia@gmail.com
2025-04-14 17:50:40,871 - Consultation - contact@lareservedenice.fr
2025-04-14 17:50:40,872 - Consultation - 80contact@lareservedenice.frFrEnPlan
2025-04-14 17:50:42,310 - Consultation - les.sens.nice@gmail.com
2025-04-14 17:50:46,633 - Consultation - lappartrestaurant.nice@gmail.com
2025-04-14 17:50:50,567 - Consultation - Info@Brasseriedecastillon.com
2025-04-14 17:50:50,567 - Consultation - hello@mycompany.com
2025-04-14 17:50:51,011 - Consultation - name@email.com
2025-04-14 17:50:51,011 - Consultation - contact@confiserieballanger.com
2025-04-14 17:50:57,413 - Consultation - cesson@aufut.fr
2025-04-14 17:50:58,500 - Consultation - events@hotelastonlascala.com
2025-04-14 17:50:58,500 - Consultation - horloge@hotelastonlascala.com
2025-04-14 17:50:58,500 - Consultation - quality@3ahotels.com
2025-04-14 17:50:58,500 - Consultation - aston@3ahotels.com
2025-04-14 17:51:00,969 - Consultation - contact@letempsdunete-plage.fr
2025-04-14 17:51:03,743 - Consultation - chezminanice@gmail.com
2025-04-14 17:51:07,521 - Consultation - labarquebleuenice@gmail.com
2025-04-15 18:08:04,076 - Consultation - reservation@westminster-nice.com
2025-04-15 18:08:04,077 - Consultation - restauration@westminster-nice.com
2025-04-15 18:08:21,240 - Consultation - contactaubureaunice@grouperkr.com
2025-04-15 18:08:21,648 - Consultation - contact@brumecoffeenice.fr
2025-04-15 18:08:28,045 - Consultation - tipsynicebar@gmail.com
2025-04-15 18:08:30,244 - Consultation - koocfrance@gmail.com
2025-04-15 18:08:30,950 - Consultation - lesagitateursnice@gmail.com
2025-04-15 18:08:30,950 - Consultation - 03lesagitateursnice@gmail.comfournisseurs
2025-04-15 18:08:30,950 - Consultation - fournisseurs@lesagitateurs.com
2025-04-15 18:08:30,950 - Consultation - gestion@lesagitateurs.com
2025-04-15 18:09:00,906 - Consultation - cookies@emiliescookies.com
2025-04-15 18:09:00,906 - Consultation - marc@slush.fr
2025-04-15 18:09:01,971 - Consultation - attimi@arimondo.net
2025-04-15 18:09:06,141 - Consultation - koocfrance@gmail.com
2025-04-15 18:09:06,669 - Consultation - contact@biogstore.com
2025-04-15 18:09:07,849 - Consultation - 60reservation@restaurant-foodie.fr
2025-04-15 18:09:07,849 - Consultation - 60reservation@foodie-restaurant.fr
2025-04-15 18:09:07,849 - Consultation - reservation@restaurant-foodie.fr
2025-04-15 18:09:09,545 - Consultation - contact@privateaser.com
2025-04-15 18:09:26,517 - Consultation - troisieme.nice@hyatt.com
2025-04-15 18:09:28,435 - Consultation - contact@oliveartichaut.com
2025-04-15 18:09:31,173 - Consultation - nlesbars@lenegresco.com
2025-04-15 18:09:36,369 - Consultation - Contact@sakura-sushi.fr
2025-04-15 18:09:38,054 - Consultation - info@tradiswiss-nice.fr
2025-04-15 18:09:44,856 - Consultation - seen.plazanice@anantara-hotels.com
2025-04-15 18:09:46,323 - Consultation - info@plagenicebeaurivage.com
2025-04-15 18:10:14,732 - Consultation - restaurantbrr.tejo@gmail.com
2025-04-15 18:10:21,942 - Consultation - contact@felixdenice.com
2025-04-15 18:10:44,686 - Consultation - Serviceclients.charmand@gmail.com
2025-04-15 18:10:45,213 - Consultation - info@af-nice.fr
2025-04-15 18:11:14,959 - Consultation - arlequingelati@yahoo.com
2025-04-15 18:11:14,959 - Consultation - arlequingelati@yahoo.com04
2025-04-15 18:11:19,809 - Consultation - contact@bella-bay.fr
2025-04-15 18:11:21,972 - Consultation - contact@yoserestaurant.com
2025-04-15 18:11:21,973 - Consultation - Nicecontact@yoserestaurant.com09.83.46.43.21NomE-
2025-04-15 18:11:23,814 - Consultation - contact@boccamar.com
2025-04-15 18:11:25,324 - Consultation - meetme@lecountrystore.com
2025-04-15 18:11:29,029 - Consultation - info@laromate.fr
2025-04-15 18:11:31,011 - Consultation - hello@lafabriquegivree.com
2025-04-15 18:11:35,013 - Consultation - cafedesamisnice@gmail.com
2025-04-15 18:11:39,703 - Consultation - info@mysite.com
2025-04-15 18:11:39,703 - Consultation - reservations.gioianice@gmail.comLocation
2025-04-15 18:11:39,703 - Consultation - la.gioia.nice@gmail.com
2025-04-15 18:11:39,703 - Consultation - la.gioia.nice@gmail.comLe
2025-04-15 18:11:40,193 - Consultation - AMBASSADEUR@DeVOR.MEINSTAGRAM
2025-04-15 18:11:45,764 - Consultation - compagnonsdelagrappe@gmail.com
2025-04-15 18:11:46,362 - Consultation - contact@theoriginalfoca.fr
2025-04-15 18:11:46,362 - Consultation - 18contact@theoriginalfoca.fr
2025-04-15 18:11:46,362 - Consultation - 60contact@theoriginalfoca.frThe
2025-04-15 18:11:56,297 - Consultation - lagaite-nallino@orange.fr
2025-04-15 18:11:56,756 - Consultation - contact@aucoeurdesterroirs.com
2025-04-15 18:11:59,604 - Consultation - lekobe2017@gmail.com
2025-04-15 18:11:59,983 - Consultation - contact@pizza-napoli-06.fr
2025-04-15 18:12:06,383 - Consultation - contact@blendcoffeevinyl.com
2025-04-15 18:12:06,782 - Consultation - info@restaurantnormal.com
2025-04-15 18:12:06,783 - Consultation - 30info@restaurantonice.com
2025-04-15 18:12:06,783 - Consultation - info@restaurantonice.com
2025-04-15 18:12:06,783 - Consultation - info@restaurantonice.comVeuillez
2025-04-15 18:12:07,497 - Consultation - contact@restaurant-millesime.fr
2025-04-15 18:12:31,482 - Consultation - contact@nuances-restaurant.com
2025-04-15 18:12:33,876 - Consultation - ContactLeMagenta@gmail.com
2025-04-15 18:12:35,059 - Certificate did not match expected hostname: www.loutape-nice.com. Certificate: {'subject': ((('commonName', 'cowboy.o2switch.net'),),), 'issuer': ((('countryName', 'US'),), (('organizationName', "Let's Encrypt"),), (('commonName', 'R10'),)), 'version': 3, 'serialNumber': '06F7759CEE9A3C43EA863EC9F6D10D7EF2CF', 'notBefore': 'Mar 19 20:56:37 2025 GMT', 'notAfter': 'Jun 17 20:56:36 2025 GMT', 'subjectAltName': (('DNS', 'autoconfig.cowboy.o2switch.net'), ('DNS', 'autodiscover.cowboy.o2switch.net'), ('DNS', 'cowboy.o2switch.net'), ('DNS', 'cpanel.cowboy.o2switch.net'), ('DNS', 'cpcalendars.cowboy.o2switch.net'), ('DNS', 'cpcontacts.cowboy.o2switch.net'), ('DNS', 'ipv6.cowboy.o2switch.net'), ('DNS', 'mail.cowboy.o2switch.net'), ('DNS', 'webdisk.cowboy.o2switch.net'), ('DNS', 'webmail.cowboy.o2switch.net'), ('DNS', 'whm.cowboy.o2switch.net'), ('DNS', 'www.cowboy.o2switch.net')), 'OCSP': ('http://r10.o.lencr.org',), 'caIssuers': ('http://r10.i.lencr.org/',), 'crlDistributionPoints': ('http://r10.c.lencr.org/80.crl',)}
2025-04-15 18:12:36,063 - Consultation - lachaumierenice@gmail.com
2025-04-15 18:12:38,410 - Consultation - contact@shounga.bar
2025-04-15 18:12:45,431 - Consultation - dafrancesconice@gmail.com
2025-04-15 18:12:45,884 - Consultation - hello@babelbabel.fr
2025-04-15 18:12:51,275 - Consultation - ledantenice@gmail.com
2025-04-15 18:12:53,077 - Consultation - contact@sentimi.fr
2025-04-15 18:13:03,274 - Consultation - contact@boccanissa.com
